<?xml version="1.0" encoding="UTF-8"?>
<!-- Generated by org.testng.reporters.JUnitXMLReporter -->
<testsuite ignored="1" hostname="DESKTOP-JFOCGCL" failures="0" tests="1" name="Default test" time="17.929" errors="0" timestamp="2020-12-27T23:32:32 ART">
  <testcase classname="codigo.codigoAutomationPractice" name="fillCompleteForm" time="8.181"/>
  <testcase classname="codigo.codigoAutomationPractice" name="crearCuentaInvalida" time="0.0">
    <ignored/>
  </testcase> <!-- crearCuentaInvalida -->
</testsuite> <!-- Default test -->
