<?xml version="1.0" encoding="UTF-8"?>
<testng-results ignored="1" total="2" passed="1" failed="0" skipped="0">
  <reporter-output>
  </reporter-output>
  <suite started-at="2020-12-27T23:32:14 ART" name="Default suite" finished-at="2020-12-27T23:32:32 ART" duration-ms="17929">
    <groups>
    </groups>
    <test started-at="2020-12-27T23:32:14 ART" name="Default test" finished-at="2020-12-27T23:32:32 ART" duration-ms="17929">
      <class name="codigo.codigoAutomationPractice">
        <test-method is-config="true" signature="beforeSuite()[pri:0, instance:codigo.codigoAutomationPractice@c333c60]" started-at="2020-12-27T23:32:14 ART" name="beforeSuite" finished-at="2020-12-27T23:32:14 ART" duration-ms="8" status="PASS">
          <reporter-output>
          </reporter-output>
        </test-method> <!-- beforeSuite -->
        <test-method is-config="true" signature="antes()[pri:0, instance:codigo.codigoAutomationPractice@c333c60]" started-at="2020-12-27T23:32:14 ART" name="antes" finished-at="2020-12-27T23:32:14 ART" duration-ms="0" status="PASS">
          <reporter-output>
          </reporter-output>
        </test-method> <!-- antes -->
        <test-method is-config="true" signature="setup()[pri:0, instance:codigo.codigoAutomationPractice@c333c60]" started-at="2020-12-27T23:32:14 ART" name="setup" finished-at="2020-12-27T23:32:24 ART" duration-ms="9584" status="PASS">
          <reporter-output>
          </reporter-output>
        </test-method> <!-- setup -->
        <test-method signature="fillCompleteForm()[pri:0, instance:codigo.codigoAutomationPractice@c333c60]" started-at="2020-12-27T23:32:24 ART" name="fillCompleteForm" finished-at="2020-12-27T23:32:32 ART" duration-ms="8181" status="PASS">
          <reporter-output>
          </reporter-output>
        </test-method> <!-- fillCompleteForm -->
        <test-method is-config="true" signature="close()[pri:0, instance:codigo.codigoAutomationPractice@c333c60]" started-at="2020-12-27T23:32:32 ART" name="close" finished-at="2020-12-27T23:32:32 ART" duration-ms="125" status="PASS">
          <reporter-output>
          </reporter-output>
        </test-method> <!-- close -->
        <test-method is-config="true" signature="afterTest()[pri:0, instance:codigo.codigoAutomationPractice@c333c60]" started-at="2020-12-27T23:32:32 ART" name="afterTest" finished-at="2020-12-27T23:32:32 ART" duration-ms="1" status="PASS">
          <reporter-output>
          </reporter-output>
        </test-method> <!-- afterTest -->
        <test-method is-config="true" signature="afterSuite()[pri:0, instance:codigo.codigoAutomationPractice@c333c60]" started-at="2020-12-27T23:32:32 ART" name="afterSuite" finished-at="2020-12-27T23:32:32 ART" duration-ms="1" status="PASS">
          <reporter-output>
          </reporter-output>
        </test-method> <!-- afterSuite -->
      </class> <!-- codigo.codigoAutomationPractice -->
    </test> <!-- Default test -->
  </suite> <!-- Default suite -->
</testng-results>
